22:07:57: Creating resource group General
22:07:57: Creating resource group OgreInternal
22:07:57: Creating resource group OgreAutodetect
22:07:57: Registering ResourceManager for type Mesh
22:07:57: Registering ResourceManager for type Material
22:07:57: Registering ResourceManager for type Skeleton
22:07:57: XMLSkeletonSerializer: reading XML data from /home/professor/Documents/L3/Wall-E/media/models/Dog002/Cube_perro.002.skeleton.xml...
22:07:57: XMLSkeletonSerializer: Reading Bones name...
22:07:57: XMLSkeletonSerializer: Reading Hierarchy data...
22:07:57: XMLSkeletonSerializer: Reading Bones data...
22:07:57: XMLSkeletonSerializer: Reading Animations data...
22:07:57: XMLSkeletonSerializer: Finished. Running SkeletonSerializer...
22:07:57: Exporting bones..
22:07:57: Bones exported.
22:07:57: Exporting animations, count=1
22:07:57: Exporting animation: my_animation
22:07:57: Animation exported.
22:07:57: Unregistering ResourceManager for type Skeleton
22:07:57: Unregistering ResourceManager for type Material
22:07:57: Unregistering ResourceManager for type Mesh
