23:44:24: Creating resource group General
23:44:24: Creating resource group OgreInternal
23:44:24: Creating resource group OgreAutodetect
23:44:24: Registering ResourceManager for type Mesh
23:44:24: Registering ResourceManager for type Material
23:44:24: Registering ResourceManager for type Skeleton
23:44:24: XMLMeshSerializer reading mesh data from /home/professor/Documents/L3/Ogre/Template/media/models/YellowBag/yellowBag.mesh.xml...
23:44:24: Reading geometry...
23:44:24: Geometry done...
23:44:24: Reading submeshes...
23:44:24: Submeshes done.
23:44:24: Reading mesh names...
23:44:24: Mesh names done.
23:44:24: XMLMeshSerializer import successful.
23:44:24: MeshSerializer writing mesh data to stream /home/professor/Documents/L3/Ogre/Template/media/models/YellowBag/yellowBag.mesh...
23:44:24: File header written.
23:44:24: Writing mesh data...
23:44:24: Writing submesh...
23:44:24: Exporting submesh texture aliases...
23:44:24: Submesh texture aliases exported.
23:44:24: Submesh exported.
23:44:24: Exporting bounds information....
23:44:24: Bounds information exported.
23:44:24: Exporting submesh name table...
23:44:24: Submesh name table exported.
23:44:24: Mesh data exported.
23:44:24: MeshSerializer export successful.
23:44:24: Unregistering ResourceManager for type Skeleton
23:44:24: Unregistering ResourceManager for type Material
23:44:24: Unregistering ResourceManager for type Mesh
