21:43:50: Creating resource group General
21:43:50: Creating resource group OgreInternal
21:43:50: Creating resource group OgreAutodetect
21:43:50: Registering ResourceManager for type Mesh
21:43:50: Registering ResourceManager for type Material
21:43:50: Registering ResourceManager for type Skeleton
21:43:50: XMLSkeletonSerializer: reading XML data from /home/professor/Documents/L3/Ogre/Template/media/models/vln/VLN.skeleton.xml...
21:43:50: XMLSkeletonSerializer: Reading Bones name...
21:43:50: XMLSkeletonSerializer: Reading Hierarchy data...
21:43:50: XMLSkeletonSerializer: Reading Bones data...
21:43:50: XMLSkeletonSerializer: Reading Animations data...
21:43:50: XMLSkeletonSerializer: Finished. Running SkeletonSerializer...
21:43:50: Exporting bones..
21:43:50: Bones exported.
21:43:50: Exporting animations, count=2
21:43:50: Exporting animation: idle
21:43:50: Animation exported.
21:43:50: Exporting animation: run
21:43:50: Animation exported.
21:43:50: Unregistering ResourceManager for type Skeleton
21:43:50: Unregistering ResourceManager for type Material
21:43:50: Unregistering ResourceManager for type Mesh
