23:50:08: Creating resource group General
23:50:08: Creating resource group OgreInternal
23:50:08: Creating resource group OgreAutodetect
23:50:08: Registering ResourceManager for type Mesh
23:50:08: Registering ResourceManager for type Material
23:50:08: Registering ResourceManager for type Skeleton
23:50:08: XMLMeshSerializer reading mesh data from /home/professor/Documents/L3/Ogre/Template/media/models/Mono001/SKM_Six.md.mesh.xml...
23:50:08: Reading geometry...
23:50:08: Geometry done...
23:50:08: Reading submeshes...
23:50:08: Submeshes done.
23:50:08: Reading mesh names...
23:50:08: Mesh names done.
23:50:08: XMLMeshSerializer import successful.
23:50:08: MeshSerializer writing mesh data to stream /home/professor/Documents/L3/Ogre/Template/media/models/Mono001/SKM_Six.md.mesh...
23:50:08: File header written.
23:50:08: Writing mesh data...
23:50:08: Writing submesh...
23:50:08: Exporting submesh texture aliases...
23:50:08: Submesh texture aliases exported.
23:50:08: Submesh exported.
23:50:08: Writing submesh...
23:50:08: Exporting submesh texture aliases...
23:50:08: Submesh texture aliases exported.
23:50:08: Submesh exported.
23:50:08: Writing submesh...
23:50:08: Exporting submesh texture aliases...
23:50:08: Submesh texture aliases exported.
23:50:08: Submesh exported.
23:50:08: Exporting bounds information....
23:50:08: Bounds information exported.
23:50:08: Exporting submesh name table...
23:50:08: Submesh name table exported.
23:50:08: Mesh data exported.
23:50:08: MeshSerializer export successful.
23:50:08: Unregistering ResourceManager for type Skeleton
23:50:08: Unregistering ResourceManager for type Material
23:50:08: Unregistering ResourceManager for type Mesh
