23:53:41: Creating resource group General
23:53:41: Creating resource group OgreInternal
23:53:41: Creating resource group OgreAutodetect
23:53:41: Registering ResourceManager for type Mesh
23:53:41: Registering ResourceManager for type Material
23:53:41: Registering ResourceManager for type Skeleton
23:53:43: XMLMeshSerializer reading mesh data from /home/professor/Documents/L3/Ogre/Template/media/models/TimeMachine/Time_Machine_CAD.mesh.xml...
23:53:59: Reading geometry...
23:54:06: Geometry done...
23:54:06: Reading submeshes...
23:54:06: Submeshes done.
23:54:06: Reading mesh names...
23:54:06: Mesh names done.
23:54:06: XMLMeshSerializer import successful.
23:54:07: MeshSerializer writing mesh data to stream /home/professor/Documents/L3/Ogre/Template/media/models/TimeMachine/Time_Machine_CAD.mesh...
23:54:07: File header written.
23:54:07: Writing mesh data...
23:54:07: Writing submesh...
23:54:07: Exporting submesh texture aliases...
23:54:07: Submesh texture aliases exported.
23:54:07: Submesh exported.
23:54:07: Exporting bounds information....
23:54:07: Bounds information exported.
23:54:07: Exporting submesh name table...
23:54:07: Submesh name table exported.
23:54:07: Mesh data exported.
23:54:07: MeshSerializer export successful.
23:54:07: Unregistering ResourceManager for type Skeleton
23:54:07: Unregistering ResourceManager for type Material
23:54:07: Unregistering ResourceManager for type Mesh
