19:48:54: Creating resource group General
19:48:54: Creating resource group OgreInternal
19:48:54: Creating resource group OgreAutodetect
19:48:54: Registering ResourceManager for type Mesh
19:48:54: Registering ResourceManager for type Material
19:48:54: Registering ResourceManager for type Skeleton
19:48:54: XMLMeshSerializer reading mesh data from /home/professor/Documents/L3/Ogre/Template/media/models/world/city.mesh.xml...
19:48:54: Reading geometry...
19:48:54: Geometry done...
19:48:54: Reading submeshes...
19:48:54: Submeshes done.
19:48:54: Reading mesh names...
19:48:54: Mesh names done.
19:48:54: XMLMeshSerializer import successful.
19:48:54: MeshSerializer writing mesh data to stream /home/professor/Documents/L3/Ogre/Template/media/models/world/city.mesh...
19:48:54: File header written.
19:48:54: Writing mesh data...
19:48:54: Writing submesh...
19:48:54: Exporting submesh texture aliases...
19:48:54: Submesh texture aliases exported.
19:48:54: Submesh exported.
19:48:54: Writing submesh...
19:48:54: Exporting submesh texture aliases...
19:48:54: Submesh texture aliases exported.
19:48:54: Submesh exported.
19:48:54: Writing submesh...
19:48:54: Exporting submesh texture aliases...
19:48:54: Submesh texture aliases exported.
19:48:54: Submesh exported.
19:48:54: Writing submesh...
19:48:54: Exporting submesh texture aliases...
19:48:54: Submesh texture aliases exported.
19:48:54: Submesh exported.
19:48:54: Writing submesh...
19:48:54: Exporting submesh texture aliases...
19:48:54: Submesh texture aliases exported.
19:48:54: Submesh exported.
19:48:54: Writing submesh...
19:48:54: Exporting submesh texture aliases...
19:48:54: Submesh texture aliases exported.
19:48:54: Submesh exported.
19:48:54: Writing submesh...
19:48:54: Exporting submesh texture aliases...
19:48:54: Submesh texture aliases exported.
19:48:54: Submesh exported.
19:48:54: Writing submesh...
19:48:54: Exporting submesh texture aliases...
19:48:54: Submesh texture aliases exported.
19:48:54: Submesh exported.
19:48:54: Exporting bounds information....
19:48:54: Bounds information exported.
19:48:54: Exporting submesh name table...
19:48:54: Submesh name table exported.
19:48:54: Mesh data exported.
19:48:54: MeshSerializer export successful.
19:48:54: Unregistering ResourceManager for type Skeleton
19:48:54: Unregistering ResourceManager for type Material
19:48:54: Unregistering ResourceManager for type Mesh
