23:29:40: Creating resource group General
23:29:40: Creating resource group OgreInternal
23:29:40: Creating resource group OgreAutodetect
23:29:40: Registering ResourceManager for type Mesh
23:29:40: Registering ResourceManager for type Material
23:29:40: Registering ResourceManager for type Skeleton
23:29:40: XMLMeshSerializer reading mesh data from /home/professor/Documents/L3/Ogre/Template/media/models/Bag/bag.mesh.xml...
23:29:40: Reading geometry...
23:29:40: Geometry done...
23:29:40: Reading submeshes...
23:29:40: Submeshes done.
23:29:40: Reading mesh names...
23:29:40: Mesh names done.
23:29:40: XMLMeshSerializer import successful.
23:29:40: MeshSerializer writing mesh data to stream /home/professor/Documents/L3/Ogre/Template/media/models/Bag/bag.mesh...
23:29:40: File header written.
23:29:40: Writing mesh data...
23:29:40: Writing submesh...
23:29:40: Exporting submesh texture aliases...
23:29:40: Submesh texture aliases exported.
23:29:40: Submesh exported.
23:29:40: Writing submesh...
23:29:40: Exporting submesh texture aliases...
23:29:40: Submesh texture aliases exported.
23:29:40: Submesh exported.
23:29:40: Writing submesh...
23:29:40: Exporting submesh texture aliases...
23:29:40: Submesh texture aliases exported.
23:29:40: Submesh exported.
23:29:40: Writing submesh...
23:29:40: Exporting submesh texture aliases...
23:29:40: Submesh texture aliases exported.
23:29:40: Submesh exported.
23:29:40: Exporting bounds information....
23:29:40: Bounds information exported.
23:29:40: Exporting submesh name table...
23:29:40: Submesh name table exported.
23:29:40: Mesh data exported.
23:29:40: MeshSerializer export successful.
23:29:40: Unregistering ResourceManager for type Skeleton
23:29:40: Unregistering ResourceManager for type Material
23:29:40: Unregistering ResourceManager for type Mesh
