20:26:18: Creating resource group General
20:26:18: Creating resource group OgreInternal
20:26:18: Creating resource group OgreAutodetect
20:26:18: Registering ResourceManager for type Mesh
20:26:18: Registering ResourceManager for type Material
20:26:18: Registering ResourceManager for type Skeleton
20:26:18: XMLMeshSerializer reading mesh data from /home/professor/Documents/L3/Wall-E/media/models/street-light/Mesh.002.mesh.xml...
20:26:18: Reading geometry...
20:26:18: Geometry done...
20:26:18: Reading submeshes...
20:26:18: Submeshes done.
20:26:18: Reading mesh names...
20:26:18: Mesh names done.
20:26:18: XMLMeshSerializer import successful.
20:26:18: MeshSerializer writing mesh data to stream /home/professor/Documents/L3/Wall-E/media/models/street-light/Mesh.002.mesh...
20:26:18: File header written.
20:26:18: Writing mesh data...
20:26:18: Writing submesh...
20:26:18: Exporting submesh texture aliases...
20:26:18: Submesh texture aliases exported.
20:26:18: Submesh exported.
20:26:18: Writing submesh...
20:26:18: Exporting submesh texture aliases...
20:26:18: Submesh texture aliases exported.
20:26:18: Submesh exported.
20:26:18: Exporting bounds information....
20:26:18: Bounds information exported.
20:26:18: Exporting submesh name table...
20:26:18: Submesh name table exported.
20:26:18: Mesh data exported.
20:26:18: MeshSerializer export successful.
20:26:18: Unregistering ResourceManager for type Skeleton
20:26:18: Unregistering ResourceManager for type Material
20:26:18: Unregistering ResourceManager for type Mesh
