17:28:59: Creating resource group General
17:28:59: Creating resource group OgreInternal
17:28:59: Creating resource group OgreAutodetect
17:28:59: Registering ResourceManager for type Mesh
17:28:59: Registering ResourceManager for type Material
17:28:59: Registering ResourceManager for type Skeleton
17:29:00: XMLMeshSerializer reading mesh data from /home/professor/Documents/L3/Ogre/Gallium/media/models/world002/city.mesh.xml...
17:29:00: Reading geometry...
17:29:01: Geometry done...
17:29:01: Reading submeshes...
17:29:01: Submeshes done.
17:29:01: Reading mesh names...
17:29:01: Mesh names done.
17:29:01: XMLMeshSerializer import successful.
17:29:01: MeshSerializer writing mesh data to stream /home/professor/Documents/L3/Ogre/Gallium/media/models/world002/city.mesh...
17:29:01: File header written.
17:29:01: Writing mesh data...
17:29:01: Writing submesh...
17:29:01: Exporting submesh texture aliases...
17:29:01: Submesh texture aliases exported.
17:29:01: Submesh exported.
17:29:01: Writing submesh...
17:29:01: Exporting submesh texture aliases...
17:29:01: Submesh texture aliases exported.
17:29:01: Submesh exported.
17:29:01: Writing submesh...
17:29:01: Exporting submesh texture aliases...
17:29:01: Submesh texture aliases exported.
17:29:01: Submesh exported.
17:29:01: Writing submesh...
17:29:01: Exporting submesh texture aliases...
17:29:01: Submesh texture aliases exported.
17:29:01: Submesh exported.
17:29:01: Writing submesh...
17:29:01: Exporting submesh texture aliases...
17:29:01: Submesh texture aliases exported.
17:29:01: Submesh exported.
17:29:01: Writing submesh...
17:29:01: Exporting submesh texture aliases...
17:29:01: Submesh texture aliases exported.
17:29:01: Submesh exported.
17:29:01: Writing submesh...
17:29:01: Exporting submesh texture aliases...
17:29:01: Submesh texture aliases exported.
17:29:01: Submesh exported.
17:29:01: Writing submesh...
17:29:01: Exporting submesh texture aliases...
17:29:01: Submesh texture aliases exported.
17:29:01: Submesh exported.
17:29:01: Writing submesh...
17:29:01: Exporting submesh texture aliases...
17:29:01: Submesh texture aliases exported.
17:29:01: Submesh exported.
17:29:01: Writing submesh...
17:29:01: Exporting submesh texture aliases...
17:29:01: Submesh texture aliases exported.
17:29:01: Submesh exported.
17:29:01: Writing submesh...
17:29:01: Exporting submesh texture aliases...
17:29:01: Submesh texture aliases exported.
17:29:01: Submesh exported.
17:29:01: Writing submesh...
17:29:01: Exporting submesh texture aliases...
17:29:01: Submesh texture aliases exported.
17:29:01: Submesh exported.
17:29:01: Writing submesh...
17:29:01: Exporting submesh texture aliases...
17:29:01: Submesh texture aliases exported.
17:29:01: Submesh exported.
17:29:01: Writing submesh...
17:29:01: Exporting submesh texture aliases...
17:29:01: Submesh texture aliases exported.
17:29:01: Submesh exported.
17:29:01: Writing submesh...
17:29:01: Exporting submesh texture aliases...
17:29:01: Submesh texture aliases exported.
17:29:01: Submesh exported.
17:29:01: Writing submesh...
17:29:01: Exporting submesh texture aliases...
17:29:01: Submesh texture aliases exported.
17:29:01: Submesh exported.
17:29:01: Writing submesh...
17:29:01: Exporting submesh texture aliases...
17:29:01: Submesh texture aliases exported.
17:29:01: Submesh exported.
17:29:01: Writing submesh...
17:29:01: Exporting submesh texture aliases...
17:29:01: Submesh texture aliases exported.
17:29:01: Submesh exported.
17:29:01: Writing submesh...
17:29:01: Exporting submesh texture aliases...
17:29:01: Submesh texture aliases exported.
17:29:01: Submesh exported.
17:29:01: Writing submesh...
17:29:01: Exporting submesh texture aliases...
17:29:01: Submesh texture aliases exported.
17:29:01: Submesh exported.
17:29:01: Writing submesh...
17:29:01: Exporting submesh texture aliases...
17:29:01: Submesh texture aliases exported.
17:29:01: Submesh exported.
17:29:01: Writing submesh...
17:29:01: Exporting submesh texture aliases...
17:29:01: Submesh texture aliases exported.
17:29:01: Submesh exported.
17:29:01: Writing submesh...
17:29:01: Exporting submesh texture aliases...
17:29:01: Submesh texture aliases exported.
17:29:01: Submesh exported.
17:29:01: Writing submesh...
17:29:01: Exporting submesh texture aliases...
17:29:01: Submesh texture aliases exported.
17:29:01: Submesh exported.
17:29:01: Writing submesh...
17:29:01: Exporting submesh texture aliases...
17:29:01: Submesh texture aliases exported.
17:29:01: Submesh exported.
17:29:01: Writing submesh...
17:29:01: Exporting submesh texture aliases...
17:29:01: Submesh texture aliases exported.
17:29:01: Submesh exported.
17:29:01: Writing submesh...
17:29:01: Exporting submesh texture aliases...
17:29:01: Submesh texture aliases exported.
17:29:01: Submesh exported.
17:29:01: Writing submesh...
17:29:01: Exporting submesh texture aliases...
17:29:01: Submesh texture aliases exported.
17:29:01: Submesh exported.
17:29:01: Writing submesh...
17:29:01: Exporting submesh texture aliases...
17:29:01: Submesh texture aliases exported.
17:29:01: Submesh exported.
17:29:01: Writing submesh...
17:29:01: Exporting submesh texture aliases...
17:29:01: Submesh texture aliases exported.
17:29:01: Submesh exported.
17:29:01: Writing submesh...
17:29:01: Exporting submesh texture aliases...
17:29:01: Submesh texture aliases exported.
17:29:01: Submesh exported.
17:29:01: Writing submesh...
17:29:01: Exporting submesh texture aliases...
17:29:01: Submesh texture aliases exported.
17:29:01: Submesh exported.
17:29:01: Writing submesh...
17:29:01: Exporting submesh texture aliases...
17:29:01: Submesh texture aliases exported.
17:29:01: Submesh exported.
17:29:01: Writing submesh...
17:29:01: Exporting submesh texture aliases...
17:29:01: Submesh texture aliases exported.
17:29:01: Submesh exported.
17:29:01: Writing submesh...
17:29:01: Exporting submesh texture aliases...
17:29:01: Submesh texture aliases exported.
17:29:01: Submesh exported.
17:29:01: Writing submesh...
17:29:01: Exporting submesh texture aliases...
17:29:01: Submesh texture aliases exported.
17:29:01: Submesh exported.
17:29:01: Writing submesh...
17:29:01: Exporting submesh texture aliases...
17:29:01: Submesh texture aliases exported.
17:29:01: Submesh exported.
17:29:01: Writing submesh...
17:29:01: Exporting submesh texture aliases...
17:29:01: Submesh texture aliases exported.
17:29:01: Submesh exported.
17:29:01: Writing submesh...
17:29:01: Exporting submesh texture aliases...
17:29:01: Submesh texture aliases exported.
17:29:01: Submesh exported.
17:29:01: Writing submesh...
17:29:01: Exporting submesh texture aliases...
17:29:01: Submesh texture aliases exported.
17:29:01: Submesh exported.
17:29:01: Writing submesh...
17:29:01: Exporting submesh texture aliases...
17:29:01: Submesh texture aliases exported.
17:29:01: Submesh exported.
17:29:01: Writing submesh...
17:29:01: Exporting submesh texture aliases...
17:29:01: Submesh texture aliases exported.
17:29:01: Submesh exported.
17:29:01: Writing submesh...
17:29:01: Exporting submesh texture aliases...
17:29:01: Submesh texture aliases exported.
17:29:01: Submesh exported.
17:29:01: Writing submesh...
17:29:01: Exporting submesh texture aliases...
17:29:01: Submesh texture aliases exported.
17:29:01: Submesh exported.
17:29:01: Writing submesh...
17:29:01: Exporting submesh texture aliases...
17:29:01: Submesh texture aliases exported.
17:29:01: Submesh exported.
17:29:01: Writing submesh...
17:29:01: Exporting submesh texture aliases...
17:29:01: Submesh texture aliases exported.
17:29:01: Submesh exported.
17:29:01: Writing submesh...
17:29:01: Exporting submesh texture aliases...
17:29:01: Submesh texture aliases exported.
17:29:01: Submesh exported.
17:29:01: Writing submesh...
17:29:01: Exporting submesh texture aliases...
17:29:01: Submesh texture aliases exported.
17:29:01: Submesh exported.
17:29:01: Writing submesh...
17:29:01: Exporting submesh texture aliases...
17:29:01: Submesh texture aliases exported.
17:29:01: Submesh exported.
17:29:01: Writing submesh...
17:29:01: Exporting submesh texture aliases...
17:29:01: Submesh texture aliases exported.
17:29:01: Submesh exported.
17:29:01: Writing submesh...
17:29:01: Exporting submesh texture aliases...
17:29:01: Submesh texture aliases exported.
17:29:01: Submesh exported.
17:29:01: Writing submesh...
17:29:01: Exporting submesh texture aliases...
17:29:01: Submesh texture aliases exported.
17:29:01: Submesh exported.
17:29:01: Writing submesh...
17:29:01: Exporting submesh texture aliases...
17:29:01: Submesh texture aliases exported.
17:29:01: Submesh exported.
17:29:01: Writing submesh...
17:29:01: Exporting submesh texture aliases...
17:29:01: Submesh texture aliases exported.
17:29:01: Submesh exported.
17:29:01: Writing submesh...
17:29:01: Exporting submesh texture aliases...
17:29:01: Submesh texture aliases exported.
17:29:01: Submesh exported.
17:29:01: Writing submesh...
17:29:01: Exporting submesh texture aliases...
17:29:01: Submesh texture aliases exported.
17:29:01: Submesh exported.
17:29:01: Writing submesh...
17:29:01: Exporting submesh texture aliases...
17:29:01: Submesh texture aliases exported.
17:29:01: Submesh exported.
17:29:01: Writing submesh...
17:29:01: Exporting submesh texture aliases...
17:29:01: Submesh texture aliases exported.
17:29:01: Submesh exported.
17:29:01: Writing submesh...
17:29:01: Exporting submesh texture aliases...
17:29:01: Submesh texture aliases exported.
17:29:01: Submesh exported.
17:29:01: Writing submesh...
17:29:01: Exporting submesh texture aliases...
17:29:01: Submesh texture aliases exported.
17:29:01: Submesh exported.
17:29:01: Writing submesh...
17:29:01: Exporting submesh texture aliases...
17:29:01: Submesh texture aliases exported.
17:29:01: Submesh exported.
17:29:01: Writing submesh...
17:29:01: Exporting submesh texture aliases...
17:29:01: Submesh texture aliases exported.
17:29:01: Submesh exported.
17:29:01: Writing submesh...
17:29:01: Exporting submesh texture aliases...
17:29:01: Submesh texture aliases exported.
17:29:01: Submesh exported.
17:29:01: Writing submesh...
17:29:01: Exporting submesh texture aliases...
17:29:01: Submesh texture aliases exported.
17:29:01: Submesh exported.
17:29:01: Writing submesh...
17:29:01: Exporting submesh texture aliases...
17:29:01: Submesh texture aliases exported.
17:29:01: Submesh exported.
17:29:01: Writing submesh...
17:29:01: Exporting submesh texture aliases...
17:29:01: Submesh texture aliases exported.
17:29:01: Submesh exported.
17:29:01: Writing submesh...
17:29:01: Exporting submesh texture aliases...
17:29:01: Submesh texture aliases exported.
17:29:01: Submesh exported.
17:29:01: Writing submesh...
17:29:01: Exporting submesh texture aliases...
17:29:01: Submesh texture aliases exported.
17:29:01: Submesh exported.
17:29:01: Writing submesh...
17:29:01: Exporting submesh texture aliases...
17:29:01: Submesh texture aliases exported.
17:29:01: Submesh exported.
17:29:01: Writing submesh...
17:29:01: Exporting submesh texture aliases...
17:29:01: Submesh texture aliases exported.
17:29:01: Submesh exported.
17:29:01: Writing submesh...
17:29:01: Exporting submesh texture aliases...
17:29:01: Submesh texture aliases exported.
17:29:01: Submesh exported.
17:29:01: Writing submesh...
17:29:01: Exporting submesh texture aliases...
17:29:01: Submesh texture aliases exported.
17:29:01: Submesh exported.
17:29:01: Writing submesh...
17:29:01: Exporting submesh texture aliases...
17:29:01: Submesh texture aliases exported.
17:29:01: Submesh exported.
17:29:01: Writing submesh...
17:29:01: Exporting submesh texture aliases...
17:29:01: Submesh texture aliases exported.
17:29:01: Submesh exported.
17:29:01: Writing submesh...
17:29:01: Exporting submesh texture aliases...
17:29:01: Submesh texture aliases exported.
17:29:01: Submesh exported.
17:29:01: Writing submesh...
17:29:01: Exporting submesh texture aliases...
17:29:01: Submesh texture aliases exported.
17:29:01: Submesh exported.
17:29:01: Writing submesh...
17:29:01: Exporting submesh texture aliases...
17:29:01: Submesh texture aliases exported.
17:29:01: Submesh exported.
17:29:01: Writing submesh...
17:29:01: Exporting submesh texture aliases...
17:29:01: Submesh texture aliases exported.
17:29:01: Submesh exported.
17:29:01: Writing submesh...
17:29:01: Exporting submesh texture aliases...
17:29:01: Submesh texture aliases exported.
17:29:01: Submesh exported.
17:29:01: Writing submesh...
17:29:01: Exporting submesh texture aliases...
17:29:01: Submesh texture aliases exported.
17:29:01: Submesh exported.
17:29:01: Writing submesh...
17:29:01: Exporting submesh texture aliases...
17:29:01: Submesh texture aliases exported.
17:29:01: Submesh exported.
17:29:01: Writing submesh...
17:29:01: Exporting submesh texture aliases...
17:29:01: Submesh texture aliases exported.
17:29:01: Submesh exported.
17:29:01: Writing submesh...
17:29:01: Exporting submesh texture aliases...
17:29:01: Submesh texture aliases exported.
17:29:01: Submesh exported.
17:29:01: Writing submesh...
17:29:01: Exporting submesh texture aliases...
17:29:01: Submesh texture aliases exported.
17:29:01: Submesh exported.
17:29:01: Writing submesh...
17:29:01: Exporting submesh texture aliases...
17:29:01: Submesh texture aliases exported.
17:29:01: Submesh exported.
17:29:01: Writing submesh...
17:29:01: Exporting submesh texture aliases...
17:29:01: Submesh texture aliases exported.
17:29:01: Submesh exported.
17:29:01: Writing submesh...
17:29:01: Exporting submesh texture aliases...
17:29:01: Submesh texture aliases exported.
17:29:01: Submesh exported.
17:29:01: Writing submesh...
17:29:01: Exporting submesh texture aliases...
17:29:01: Submesh texture aliases exported.
17:29:01: Submesh exported.
17:29:01: Writing submesh...
17:29:01: Exporting submesh texture aliases...
17:29:01: Submesh texture aliases exported.
17:29:01: Submesh exported.
17:29:01: Writing submesh...
17:29:01: Exporting submesh texture aliases...
17:29:01: Submesh texture aliases exported.
17:29:01: Submesh exported.
17:29:01: Writing submesh...
17:29:01: Exporting submesh texture aliases...
17:29:01: Submesh texture aliases exported.
17:29:01: Submesh exported.
17:29:01: Writing submesh...
17:29:01: Exporting submesh texture aliases...
17:29:01: Submesh texture aliases exported.
17:29:01: Submesh exported.
17:29:01: Writing submesh...
17:29:01: Exporting submesh texture aliases...
17:29:01: Submesh texture aliases exported.
17:29:01: Submesh exported.
17:29:01: Exporting bounds information....
17:29:01: Bounds information exported.
17:29:01: Exporting submesh name table...
17:29:01: Submesh name table exported.
17:29:01: Mesh data exported.
17:29:01: MeshSerializer export successful.
17:29:01: Unregistering ResourceManager for type Skeleton
17:29:01: Unregistering ResourceManager for type Material
17:29:01: Unregistering ResourceManager for type Mesh
