21:12:09: Creating resource group General
21:12:09: Creating resource group OgreInternal
21:12:09: Creating resource group OgreAutodetect
21:12:09: Registering ResourceManager for type Mesh
21:12:09: Registering ResourceManager for type Material
21:12:09: Registering ResourceManager for type Skeleton
21:12:09: XMLMeshSerializer reading mesh data from /home/professor/Documents/L3/Wall-E/media/models/Mo/Mo.mesh.xml...
21:12:09: Reading geometry...
21:12:09: Geometry done...
21:12:09: Reading submeshes...
21:12:09: Submeshes done.
21:12:09: Reading mesh names...
21:12:09: Mesh names done.
21:12:09: XMLMeshSerializer import successful.
21:12:09: MeshSerializer writing mesh data to stream /home/professor/Documents/L3/Wall-E/media/models/Mo/Mo.mesh...
21:12:09: File header written.
21:12:09: Writing mesh data...
21:12:09: Writing submesh...
21:12:09: Exporting submesh texture aliases...
21:12:09: Submesh texture aliases exported.
21:12:09: Submesh exported.
21:12:09: Exporting bounds information....
21:12:09: Bounds information exported.
21:12:09: Exporting submesh name table...
21:12:09: Submesh name table exported.
21:12:09: Mesh data exported.
21:12:09: MeshSerializer export successful.
21:12:09: Unregistering ResourceManager for type Skeleton
21:12:09: Unregistering ResourceManager for type Material
21:12:09: Unregistering ResourceManager for type Mesh
