21:48:28: Creating resource group General
21:48:28: Creating resource group OgreInternal
21:48:28: Creating resource group OgreAutodetect
21:48:28: Registering ResourceManager for type Mesh
21:48:28: Registering ResourceManager for type Material
21:48:28: Registering ResourceManager for type Skeleton
21:48:28: XMLMeshSerializer reading mesh data from /home/professor/Documents/L3/Ogre/Template/media/models/kingdomkey/kingdomkey.mesh.xml...
21:48:28: Reading geometry...
21:48:28: Geometry done...
21:48:28: Reading submeshes...
21:48:28: Submeshes done.
21:48:28: Reading mesh names...
21:48:28: Mesh names done.
21:48:28: XMLMeshSerializer import successful.
21:48:28: MeshSerializer writing mesh data to stream /home/professor/Documents/L3/Ogre/Template/media/models/kingdomkey/kingdomkey.mesh...
21:48:28: File header written.
21:48:28: Writing mesh data...
21:48:28: Writing submesh...
21:48:28: Exporting submesh texture aliases...
21:48:28: Submesh texture aliases exported.
21:48:28: Submesh exported.
21:48:28: Writing submesh...
21:48:28: Exporting submesh texture aliases...
21:48:28: Submesh texture aliases exported.
21:48:28: Submesh exported.
21:48:28: Writing submesh...
21:48:28: Exporting submesh texture aliases...
21:48:28: Submesh texture aliases exported.
21:48:28: Submesh exported.
21:48:28: Writing submesh...
21:48:28: Exporting submesh texture aliases...
21:48:28: Submesh texture aliases exported.
21:48:28: Submesh exported.
21:48:28: Writing submesh...
21:48:28: Exporting submesh texture aliases...
21:48:28: Submesh texture aliases exported.
21:48:28: Submesh exported.
21:48:28: Writing submesh...
21:48:28: Exporting submesh texture aliases...
21:48:28: Submesh texture aliases exported.
21:48:28: Submesh exported.
21:48:28: Exporting bounds information....
21:48:28: Bounds information exported.
21:48:28: Exporting submesh name table...
21:48:28: Submesh name table exported.
21:48:28: Mesh data exported.
21:48:28: MeshSerializer export successful.
21:48:28: Unregistering ResourceManager for type Skeleton
21:48:28: Unregistering ResourceManager for type Material
21:48:28: Unregistering ResourceManager for type Mesh
