09:31:11: Creating resource group General
09:31:11: Creating resource group OgreInternal
09:31:11: Creating resource group OgreAutodetect
09:31:11: Registering ResourceManager for type Mesh
09:31:11: Registering ResourceManager for type Material
09:31:11: Registering ResourceManager for type Skeleton
09:31:11: XMLMeshSerializer reading mesh data from /home/professor/Documents/L3/Wall-E/media/models/Light/#LMP0001_Lightbox.mesh.xml...
09:31:11: Reading geometry...
09:31:11: Geometry done...
09:31:11: Reading submeshes...
09:31:12: Submeshes done.
09:31:12: Reading mesh names...
09:31:12: Mesh names done.
09:31:12: XMLMeshSerializer import successful.
09:31:12: MeshSerializer writing mesh data to stream /home/professor/Documents/L3/Wall-E/media/models/Light/#LMP0001_Lightbox.mesh...
09:31:12: File header written.
09:31:12: Writing mesh data...
09:31:12: Writing submesh...
09:31:12: Exporting submesh texture aliases...
09:31:12: Submesh texture aliases exported.
09:31:12: Submesh exported.
09:31:12: Exporting bounds information....
09:31:12: Bounds information exported.
09:31:12: Exporting submesh name table...
09:31:12: Submesh name table exported.
09:31:12: Mesh data exported.
09:31:12: MeshSerializer export successful.
09:31:12: Unregistering ResourceManager for type Skeleton
09:31:12: Unregistering ResourceManager for type Material
09:31:12: Unregistering ResourceManager for type Mesh
