22:47:37: Creating resource group General
22:47:37: Creating resource group OgreInternal
22:47:37: Creating resource group OgreAutodetect
22:47:37: Registering ResourceManager for type Mesh
22:47:37: Registering ResourceManager for type Material
22:47:37: Registering ResourceManager for type Skeleton
22:47:37: XMLMeshSerializer reading mesh data from /home/professor/Documents/L3/Ogre/Template/media/models/Book/magicbook.mesh.xml...
22:47:37: Reading geometry...
22:47:37: Geometry done...
22:47:37: Reading submeshes...
22:47:37: Submeshes done.
22:47:37: Reading mesh names...
22:47:37: Mesh names done.
22:47:37: XMLMeshSerializer import successful.
22:47:37: MeshSerializer writing mesh data to stream /home/professor/Documents/L3/Ogre/Template/media/models/Book/magicbook.mesh...
22:47:37: File header written.
22:47:37: Writing mesh data...
22:47:37: Writing submesh...
22:47:37: Exporting submesh texture aliases...
22:47:37: Submesh texture aliases exported.
22:47:37: Submesh exported.
22:47:37: Exporting bounds information....
22:47:37: Bounds information exported.
22:47:37: Exporting submesh name table...
22:47:37: Submesh name table exported.
22:47:37: Mesh data exported.
22:47:37: MeshSerializer export successful.
22:47:37: Unregistering ResourceManager for type Skeleton
22:47:37: Unregistering ResourceManager for type Material
22:47:37: Unregistering ResourceManager for type Mesh
