17:33:42: Creating resource group General
17:33:42: Creating resource group OgreInternal
17:33:42: Creating resource group OgreAutodetect
17:33:42: Registering ResourceManager for type Mesh
17:33:42: Registering ResourceManager for type Material
17:33:42: Registering ResourceManager for type Skeleton
17:33:42: XMLMeshSerializer reading mesh data from /home/professor/Documents/L3/Ogre/Gallium/media/models/world001/city.mesh.xml...
17:33:42: Reading geometry...
17:33:43: Geometry done...
17:33:43: Reading submeshes...
17:33:43: Submeshes done.
17:33:43: Reading mesh names...
17:33:43: Mesh names done.
17:33:43: XMLMeshSerializer import successful.
17:33:43: MeshSerializer writing mesh data to stream /home/professor/Documents/L3/Ogre/Gallium/media/models/world001/city.mesh...
17:33:43: File header written.
17:33:43: Writing mesh data...
17:33:43: Writing submesh...
17:33:43: Exporting submesh texture aliases...
17:33:43: Submesh texture aliases exported.
17:33:43: Submesh exported.
17:33:43: Writing submesh...
17:33:43: Exporting submesh texture aliases...
17:33:43: Submesh texture aliases exported.
17:33:43: Submesh exported.
17:33:43: Writing submesh...
17:33:43: Exporting submesh texture aliases...
17:33:43: Submesh texture aliases exported.
17:33:43: Submesh exported.
17:33:43: Writing submesh...
17:33:43: Exporting submesh texture aliases...
17:33:43: Submesh texture aliases exported.
17:33:43: Submesh exported.
17:33:43: Writing submesh...
17:33:43: Exporting submesh texture aliases...
17:33:43: Submesh texture aliases exported.
17:33:43: Submesh exported.
17:33:43: Writing submesh...
17:33:43: Exporting submesh texture aliases...
17:33:43: Submesh texture aliases exported.
17:33:43: Submesh exported.
17:33:43: Writing submesh...
17:33:43: Exporting submesh texture aliases...
17:33:43: Submesh texture aliases exported.
17:33:43: Submesh exported.
17:33:43: Writing submesh...
17:33:43: Exporting submesh texture aliases...
17:33:43: Submesh texture aliases exported.
17:33:43: Submesh exported.
17:33:43: Writing submesh...
17:33:43: Exporting submesh texture aliases...
17:33:43: Submesh texture aliases exported.
17:33:43: Submesh exported.
17:33:43: Writing submesh...
17:33:43: Exporting submesh texture aliases...
17:33:43: Submesh texture aliases exported.
17:33:43: Submesh exported.
17:33:43: Writing submesh...
17:33:43: Exporting submesh texture aliases...
17:33:43: Submesh texture aliases exported.
17:33:43: Submesh exported.
17:33:43: Writing submesh...
17:33:43: Exporting submesh texture aliases...
17:33:43: Submesh texture aliases exported.
17:33:43: Submesh exported.
17:33:43: Writing submesh...
17:33:43: Exporting submesh texture aliases...
17:33:43: Submesh texture aliases exported.
17:33:43: Submesh exported.
17:33:43: Writing submesh...
17:33:43: Exporting submesh texture aliases...
17:33:43: Submesh texture aliases exported.
17:33:43: Submesh exported.
17:33:43: Writing submesh...
17:33:43: Exporting submesh texture aliases...
17:33:43: Submesh texture aliases exported.
17:33:43: Submesh exported.
17:33:43: Writing submesh...
17:33:43: Exporting submesh texture aliases...
17:33:43: Submesh texture aliases exported.
17:33:43: Submesh exported.
17:33:43: Writing submesh...
17:33:43: Exporting submesh texture aliases...
17:33:43: Submesh texture aliases exported.
17:33:43: Submesh exported.
17:33:43: Writing submesh...
17:33:43: Exporting submesh texture aliases...
17:33:43: Submesh texture aliases exported.
17:33:43: Submesh exported.
17:33:43: Writing submesh...
17:33:43: Exporting submesh texture aliases...
17:33:43: Submesh texture aliases exported.
17:33:43: Submesh exported.
17:33:43: Writing submesh...
17:33:43: Exporting submesh texture aliases...
17:33:43: Submesh texture aliases exported.
17:33:43: Submesh exported.
17:33:43: Writing submesh...
17:33:43: Exporting submesh texture aliases...
17:33:43: Submesh texture aliases exported.
17:33:43: Submesh exported.
17:33:43: Writing submesh...
17:33:43: Exporting submesh texture aliases...
17:33:43: Submesh texture aliases exported.
17:33:43: Submesh exported.
17:33:43: Writing submesh...
17:33:43: Exporting submesh texture aliases...
17:33:43: Submesh texture aliases exported.
17:33:43: Submesh exported.
17:33:43: Writing submesh...
17:33:43: Exporting submesh texture aliases...
17:33:43: Submesh texture aliases exported.
17:33:43: Submesh exported.
17:33:43: Writing submesh...
17:33:43: Exporting submesh texture aliases...
17:33:43: Submesh texture aliases exported.
17:33:43: Submesh exported.
17:33:43: Writing submesh...
17:33:43: Exporting submesh texture aliases...
17:33:43: Submesh texture aliases exported.
17:33:43: Submesh exported.
17:33:43: Writing submesh...
17:33:43: Exporting submesh texture aliases...
17:33:43: Submesh texture aliases exported.
17:33:43: Submesh exported.
17:33:43: Writing submesh...
17:33:43: Exporting submesh texture aliases...
17:33:43: Submesh texture aliases exported.
17:33:43: Submesh exported.
17:33:43: Writing submesh...
17:33:43: Exporting submesh texture aliases...
17:33:43: Submesh texture aliases exported.
17:33:43: Submesh exported.
17:33:43: Writing submesh...
17:33:43: Exporting submesh texture aliases...
17:33:43: Submesh texture aliases exported.
17:33:43: Submesh exported.
17:33:43: Writing submesh...
17:33:43: Exporting submesh texture aliases...
17:33:43: Submesh texture aliases exported.
17:33:43: Submesh exported.
17:33:43: Writing submesh...
17:33:43: Exporting submesh texture aliases...
17:33:43: Submesh texture aliases exported.
17:33:43: Submesh exported.
17:33:43: Writing submesh...
17:33:43: Exporting submesh texture aliases...
17:33:43: Submesh texture aliases exported.
17:33:43: Submesh exported.
17:33:43: Writing submesh...
17:33:43: Exporting submesh texture aliases...
17:33:43: Submesh texture aliases exported.
17:33:43: Submesh exported.
17:33:43: Writing submesh...
17:33:43: Exporting submesh texture aliases...
17:33:43: Submesh texture aliases exported.
17:33:43: Submesh exported.
17:33:43: Writing submesh...
17:33:43: Exporting submesh texture aliases...
17:33:43: Submesh texture aliases exported.
17:33:43: Submesh exported.
17:33:43: Writing submesh...
17:33:43: Exporting submesh texture aliases...
17:33:43: Submesh texture aliases exported.
17:33:43: Submesh exported.
17:33:43: Writing submesh...
17:33:43: Exporting submesh texture aliases...
17:33:43: Submesh texture aliases exported.
17:33:43: Submesh exported.
17:33:43: Writing submesh...
17:33:43: Exporting submesh texture aliases...
17:33:43: Submesh texture aliases exported.
17:33:43: Submesh exported.
17:33:43: Writing submesh...
17:33:43: Exporting submesh texture aliases...
17:33:43: Submesh texture aliases exported.
17:33:43: Submesh exported.
17:33:43: Writing submesh...
17:33:43: Exporting submesh texture aliases...
17:33:43: Submesh texture aliases exported.
17:33:43: Submesh exported.
17:33:43: Writing submesh...
17:33:43: Exporting submesh texture aliases...
17:33:43: Submesh texture aliases exported.
17:33:43: Submesh exported.
17:33:43: Writing submesh...
17:33:43: Exporting submesh texture aliases...
17:33:43: Submesh texture aliases exported.
17:33:43: Submesh exported.
17:33:43: Writing submesh...
17:33:43: Exporting submesh texture aliases...
17:33:43: Submesh texture aliases exported.
17:33:43: Submesh exported.
17:33:43: Writing submesh...
17:33:43: Exporting submesh texture aliases...
17:33:43: Submesh texture aliases exported.
17:33:43: Submesh exported.
17:33:43: Writing submesh...
17:33:43: Exporting submesh texture aliases...
17:33:43: Submesh texture aliases exported.
17:33:43: Submesh exported.
17:33:43: Writing submesh...
17:33:43: Exporting submesh texture aliases...
17:33:43: Submesh texture aliases exported.
17:33:43: Submesh exported.
17:33:43: Writing submesh...
17:33:43: Exporting submesh texture aliases...
17:33:43: Submesh texture aliases exported.
17:33:43: Submesh exported.
17:33:43: Writing submesh...
17:33:43: Exporting submesh texture aliases...
17:33:43: Submesh texture aliases exported.
17:33:43: Submesh exported.
17:33:43: Writing submesh...
17:33:43: Exporting submesh texture aliases...
17:33:43: Submesh texture aliases exported.
17:33:43: Submesh exported.
17:33:43: Writing submesh...
17:33:43: Exporting submesh texture aliases...
17:33:43: Submesh texture aliases exported.
17:33:43: Submesh exported.
17:33:43: Writing submesh...
17:33:43: Exporting submesh texture aliases...
17:33:43: Submesh texture aliases exported.
17:33:43: Submesh exported.
17:33:43: Writing submesh...
17:33:43: Exporting submesh texture aliases...
17:33:43: Submesh texture aliases exported.
17:33:43: Submesh exported.
17:33:43: Writing submesh...
17:33:43: Exporting submesh texture aliases...
17:33:43: Submesh texture aliases exported.
17:33:43: Submesh exported.
17:33:43: Writing submesh...
17:33:43: Exporting submesh texture aliases...
17:33:43: Submesh texture aliases exported.
17:33:43: Submesh exported.
17:33:43: Writing submesh...
17:33:43: Exporting submesh texture aliases...
17:33:43: Submesh texture aliases exported.
17:33:43: Submesh exported.
17:33:43: Writing submesh...
17:33:43: Exporting submesh texture aliases...
17:33:43: Submesh texture aliases exported.
17:33:43: Submesh exported.
17:33:43: Writing submesh...
17:33:43: Exporting submesh texture aliases...
17:33:43: Submesh texture aliases exported.
17:33:43: Submesh exported.
17:33:43: Writing submesh...
17:33:43: Exporting submesh texture aliases...
17:33:43: Submesh texture aliases exported.
17:33:43: Submesh exported.
17:33:43: Writing submesh...
17:33:43: Exporting submesh texture aliases...
17:33:43: Submesh texture aliases exported.
17:33:43: Submesh exported.
17:33:43: Writing submesh...
17:33:43: Exporting submesh texture aliases...
17:33:43: Submesh texture aliases exported.
17:33:43: Submesh exported.
17:33:43: Writing submesh...
17:33:43: Exporting submesh texture aliases...
17:33:43: Submesh texture aliases exported.
17:33:43: Submesh exported.
17:33:43: Writing submesh...
17:33:43: Exporting submesh texture aliases...
17:33:43: Submesh texture aliases exported.
17:33:43: Submesh exported.
17:33:43: Writing submesh...
17:33:43: Exporting submesh texture aliases...
17:33:43: Submesh texture aliases exported.
17:33:43: Submesh exported.
17:33:43: Writing submesh...
17:33:43: Exporting submesh texture aliases...
17:33:43: Submesh texture aliases exported.
17:33:43: Submesh exported.
17:33:43: Writing submesh...
17:33:43: Exporting submesh texture aliases...
17:33:43: Submesh texture aliases exported.
17:33:43: Submesh exported.
17:33:43: Writing submesh...
17:33:43: Exporting submesh texture aliases...
17:33:43: Submesh texture aliases exported.
17:33:43: Submesh exported.
17:33:43: Writing submesh...
17:33:43: Exporting submesh texture aliases...
17:33:43: Submesh texture aliases exported.
17:33:43: Submesh exported.
17:33:43: Writing submesh...
17:33:43: Exporting submesh texture aliases...
17:33:43: Submesh texture aliases exported.
17:33:43: Submesh exported.
17:33:43: Writing submesh...
17:33:43: Exporting submesh texture aliases...
17:33:43: Submesh texture aliases exported.
17:33:43: Submesh exported.
17:33:43: Writing submesh...
17:33:43: Exporting submesh texture aliases...
17:33:43: Submesh texture aliases exported.
17:33:43: Submesh exported.
17:33:43: Writing submesh...
17:33:43: Exporting submesh texture aliases...
17:33:43: Submesh texture aliases exported.
17:33:43: Submesh exported.
17:33:43: Writing submesh...
17:33:43: Exporting submesh texture aliases...
17:33:43: Submesh texture aliases exported.
17:33:43: Submesh exported.
17:33:43: Writing submesh...
17:33:43: Exporting submesh texture aliases...
17:33:43: Submesh texture aliases exported.
17:33:43: Submesh exported.
17:33:43: Writing submesh...
17:33:43: Exporting submesh texture aliases...
17:33:43: Submesh texture aliases exported.
17:33:43: Submesh exported.
17:33:43: Writing submesh...
17:33:43: Exporting submesh texture aliases...
17:33:43: Submesh texture aliases exported.
17:33:43: Submesh exported.
17:33:43: Writing submesh...
17:33:43: Exporting submesh texture aliases...
17:33:43: Submesh texture aliases exported.
17:33:43: Submesh exported.
17:33:43: Writing submesh...
17:33:43: Exporting submesh texture aliases...
17:33:43: Submesh texture aliases exported.
17:33:43: Submesh exported.
17:33:43: Writing submesh...
17:33:43: Exporting submesh texture aliases...
17:33:43: Submesh texture aliases exported.
17:33:43: Submesh exported.
17:33:43: Writing submesh...
17:33:43: Exporting submesh texture aliases...
17:33:43: Submesh texture aliases exported.
17:33:43: Submesh exported.
17:33:43: Writing submesh...
17:33:43: Exporting submesh texture aliases...
17:33:43: Submesh texture aliases exported.
17:33:43: Submesh exported.
17:33:43: Writing submesh...
17:33:43: Exporting submesh texture aliases...
17:33:43: Submesh texture aliases exported.
17:33:43: Submesh exported.
17:33:43: Writing submesh...
17:33:43: Exporting submesh texture aliases...
17:33:43: Submesh texture aliases exported.
17:33:43: Submesh exported.
17:33:43: Writing submesh...
17:33:43: Exporting submesh texture aliases...
17:33:43: Submesh texture aliases exported.
17:33:43: Submesh exported.
17:33:43: Writing submesh...
17:33:43: Exporting submesh texture aliases...
17:33:43: Submesh texture aliases exported.
17:33:43: Submesh exported.
17:33:43: Writing submesh...
17:33:43: Exporting submesh texture aliases...
17:33:43: Submesh texture aliases exported.
17:33:43: Submesh exported.
17:33:43: Writing submesh...
17:33:43: Exporting submesh texture aliases...
17:33:43: Submesh texture aliases exported.
17:33:43: Submesh exported.
17:33:43: Writing submesh...
17:33:43: Exporting submesh texture aliases...
17:33:43: Submesh texture aliases exported.
17:33:43: Submesh exported.
17:33:43: Writing submesh...
17:33:43: Exporting submesh texture aliases...
17:33:43: Submesh texture aliases exported.
17:33:43: Submesh exported.
17:33:43: Writing submesh...
17:33:43: Exporting submesh texture aliases...
17:33:43: Submesh texture aliases exported.
17:33:43: Submesh exported.
17:33:43: Writing submesh...
17:33:43: Exporting submesh texture aliases...
17:33:43: Submesh texture aliases exported.
17:33:43: Submesh exported.
17:33:43: Writing submesh...
17:33:43: Exporting submesh texture aliases...
17:33:43: Submesh texture aliases exported.
17:33:43: Submesh exported.
17:33:43: Writing submesh...
17:33:43: Exporting submesh texture aliases...
17:33:43: Submesh texture aliases exported.
17:33:43: Submesh exported.
17:33:43: Exporting bounds information....
17:33:43: Bounds information exported.
17:33:43: Exporting submesh name table...
17:33:43: Submesh name table exported.
17:33:43: Mesh data exported.
17:33:43: MeshSerializer export successful.
17:33:43: Unregistering ResourceManager for type Skeleton
17:33:43: Unregistering ResourceManager for type Material
17:33:43: Unregistering ResourceManager for type Mesh
